<?xml version="1.0" encoding="UTF-8" ?>
<testsuite errors="0" failures="0" hostname="TSINF6NB004" name="com.mpa.test.UserJunitTest" skipped="0" tests="4" time="0.209" timestamp="2014-08-23T04:21:30">
  <properties>
[...]
</properties>
  <testcase classname="com.mpa.test.UserJunitTest" name="testPasswordLength" time="0.0010" />
  <testcase classname="com.mpa.test.UserJunitTest" name="testNameLength" time="0.0" />
  <testcase classname="com.mpa.test.UserJunitTest" name="testUserNameEmpty" time="0.0" />
  <testcase classname="com.mpa.test.UserJunitTest" name="testUserLimit" time="0.0010" />
  <system-out><![CDATA[[James, testuser0, testuser1, testuser2]
Total number of registered users : 4
]]></system-out>
  <system-err><![CDATA[]]></system-err>
</testsuite>
